<?xml version="1.0" encoding="UTF-8"?>
<!-- Generated by org.testng.reporters.JUnitReportReporter -->
<testsuite hostname="Swapnils-MacBook-Air.local" failures="0" tests="5" name="TestCases.TendableTestCases" time="66.944" errors="0" timestamp="2024-03-11T23:22:03 IST" skipped="0">
  <testcase classname="TestCases.TendableTestCases" name="accessibility_of_the_Our_Story_menus" time="15.922"/>
  <system-out/>
  <testcase classname="TestCases.TendableTestCases" name="accessibility_of_the_Our_Solution_menus" time="12.588"/>
  <system-out/>
  <testcase classname="TestCases.TendableTestCases" name="accessibility_of_the_Why_Tendable_menus" time="5.041"/>
  <system-out/>
  <testcase classname="TestCases.TendableTestCases" name="accessibility_of_the_Home_menu" time="4.180"/>
  <system-out/>
  <testcase classname="TestCases.TendableTestCases" name="contactUs" time="29.213"/>
  <system-out/>
</testsuite> <!-- TestCases.TendableTestCases -->
